<?xml version="1.0" encoding="UTF-8"?>
<testng-results skipped="0" failed="0" total="1" passed="1">
  <reporter-output>
  </reporter-output>
  <suite name="Default suite" duration-ms="364244" started-at="2016-08-16T16:23:06Z" finished-at="2016-08-16T16:29:10Z">
    <groups>
    </groups>
    <test name="Default test" duration-ms="364244" started-at="2016-08-16T16:23:06Z" finished-at="2016-08-16T16:29:10Z">
      <class name="com.sarkarijobs.test.PopularSearches_TC">
        <test-method status="PASS" signature="beforeTest()[pri:0, instance:com.sarkarijobs.test.PopularSearches_TC@5a99da]" name="beforeTest" is-config="true" duration-ms="40169" started-at="2016-08-16T21:53:06Z" finished-at="2016-08-16T21:53:46Z">
          <reporter-output>
          </reporter-output>
        </test-method> <!-- beforeTest -->
        <test-method status="PASS" signature="testPopularSearches()[pri:0, instance:com.sarkarijobs.test.PopularSearches_TC@5a99da]" name="testPopularSearches" duration-ms="324009" started-at="2016-08-16T21:53:46Z" finished-at="2016-08-16T21:59:10Z">
          <reporter-output>
          </reporter-output>
        </test-method> <!-- testPopularSearches -->
      </class> <!-- com.sarkarijobs.test.PopularSearches_TC -->
    </test> <!-- Default test -->
  </suite> <!-- Default suite -->
</testng-results>
